This is pdfTeX, Version 3.14159265-2.6-1.40.16 (TeX Live 2015/Debian) (preloaded format=pdflatex 2017.11.7)  28 JAN 2018 22:23
entering extended mode
 restricted \write18 enabled.
 %&-line parsing enabled.
**faces.tex
(./faces.tex
LaTeX2e <2016/02/01>
Babel <3.9q> and hyphenation patterns for 81 language(s) loaded.
(/usr/share/texlive/texmf-dist/tex/latex/base/article.cls
Document Class: article 2014/09/29 v1.4h Standard LaTeX document class
(/usr/share/texlive/texmf-dist/tex/latex/base/size10.clo
File: size10.clo 2014/09/29 v1.4h Standard LaTeX file (size option)
)
\c@part=\count79
\c@section=\count80
\c@subsection=\count81
\c@subsubsection=\count82
\c@paragraph=\count83
\c@subparagraph=\count84
\c@figure=\count85
\c@table=\count86
\abovecaptionskip=\skip41
\belowcaptionskip=\skip42
\bibindent=\dimen102
)
(/usr/share/texlive/texmf-dist/tex/latex/fancyhdr/fancyhdr.sty
\fancy@headwidth=\skip43
\f@ncyO@elh=\skip44
\f@ncyO@erh=\skip45
\f@ncyO@olh=\skip46
\f@ncyO@orh=\skip47
\f@ncyO@elf=\skip48
\f@ncyO@erf=\skip49
\f@ncyO@olf=\skip50
\f@ncyO@orf=\skip51
)
(/usr/share/texlive/texmf-dist/tex/latex/lastpage/lastpage.sty
Package: lastpage 2015/03/29 v1.2m Refers to last page's name (HMM; JPG)
)
(/usr/share/texlive/texmf-dist/tex/latex/fancyhdr/extramarks.sty
\@temptokenb=\toks14
)
(/usr/share/texlive/texmf-dist/tex/latex/graphics/color.sty
Package: color 2016/01/03 v1.1b Standard LaTeX Color (DPC)

(/usr/share/texlive/texmf-dist/tex/latex/latexconfig/color.cfg
File: color.cfg 2007/01/18 v1.5 color configuration of teTeX/TeXLive
)
Package color Info: Driver file: pdftex.def on input line 143.

(/usr/share/texlive/texmf-dist/tex/latex/pdftex-def/pdftex.def
File: pdftex.def 2011/05/27 v0.06d Graphics/color for pdfTeX

(/usr/share/texlive/texmf-dist/tex/generic/oberdiek/infwarerr.sty
Package: infwarerr 2010/04/08 v1.3 Providing info/warning/error messages (HO)
)
(/usr/share/texlive/texmf-dist/tex/generic/oberdiek/ltxcmds.sty
Package: ltxcmds 2011/11/09 v1.22 LaTeX kernel commands for general use (HO)
)
\Gread@gobject=\count87
)
(/usr/share/texlive/texmf-dist/tex/latex/graphics/dvipsnam.def
File: dvipsnam.def 2015/12/30 v3.0k Driver-dependent file (DPC,SPQR)
))
(/usr/share/texlive/texmf-dist/tex/latex/graphics/graphicx.sty
Package: graphicx 2014/10/28 v1.0g Enhanced LaTeX Graphics (DPC,SPQR)

(/usr/share/texlive/texmf-dist/tex/latex/graphics/keyval.sty
Package: keyval 2014/10/28 v1.15 key=value parser (DPC)
\KV@toks@=\toks15
)
(/usr/share/texlive/texmf-dist/tex/latex/graphics/graphics.sty
Package: graphics 2016/01/03 v1.0q Standard LaTeX Graphics (DPC,SPQR)

(/usr/share/texlive/texmf-dist/tex/latex/graphics/trig.sty
Package: trig 2016/01/03 v1.10 sin cos tan (DPC)
)
(/usr/share/texlive/texmf-dist/tex/latex/latexconfig/graphics.cfg
File: graphics.cfg 2010/04/23 v1.9 graphics configuration of TeX Live
)
Package graphics Info: Driver file: pdftex.def on input line 95.
)
\Gin@req@height=\dimen103
\Gin@req@width=\dimen104
)
(/usr/share/texlive/texmf-dist/tex/latex/caption/subcaption.sty
Package: subcaption 2016/02/20 v1.1-142 Sub-captions (AR)

(/usr/share/texlive/texmf-dist/tex/latex/caption/caption.sty
Package: caption 2016/02/21 v3.3-144 Customizing captions (AR)

(/usr/share/texlive/texmf-dist/tex/latex/caption/caption3.sty
Package: caption3 2016/02/04 v1.7-139 caption3 kernel (AR)
Package caption3 Info: TeX engine: e-TeX on input line 67.
\captionmargin=\dimen105
\captionmargin@=\dimen106
\captionwidth=\dimen107
\caption@tempdima=\dimen108
\caption@indent=\dimen109
\caption@parindent=\dimen110
\caption@hangindent=\dimen111
)
\c@ContinuedFloat=\count88
)
\c@subfigure=\count89
\c@subtable=\count90
)
(/usr/share/texlive/texmf-dist/tex/latex/listings/listings.sty
\lst@mode=\count91
\lst@gtempboxa=\box26
\lst@token=\toks16
\lst@length=\count92
\lst@currlwidth=\dimen112
\lst@column=\count93
\lst@pos=\count94
\lst@lostspace=\dimen113
\lst@width=\dimen114
\lst@newlines=\count95
\lst@lineno=\count96
\lst@maxwidth=\dimen115

(/usr/share/texlive/texmf-dist/tex/latex/listings/lstmisc.sty
File: lstmisc.sty 2015/06/04 1.6 (Carsten Heinz)
\c@lstnumber=\count97
\lst@skipnumbers=\count98
\lst@framebox=\box27
)
(/usr/share/texlive/texmf-dist/tex/latex/listings/listings.cfg
File: listings.cfg 2015/06/04 1.6 listings configuration
))
Package: listings 2015/06/04 1.6 (Carsten Heinz)

(/usr/share/texlive/texmf-dist/tex/latex/psnfss/courier.sty
Package: courier 2005/04/12 PSNFSS-v9.2a (WaS) 
)
(/usr/share/texlive/texmf-dist/tex/latex/amsmath/amsmath.sty
Package: amsmath 2016/03/03 v2.15a AMS math features
\@mathmargin=\skip52

For additional information on amsmath, use the `?' option.
(/usr/share/texlive/texmf-dist/tex/latex/amsmath/amstext.sty
Package: amstext 2000/06/29 v2.01 AMS text

(/usr/share/texlive/texmf-dist/tex/latex/amsmath/amsgen.sty
File: amsgen.sty 1999/11/30 v2.0 generic functions
\@emptytoks=\toks17
\ex@=\dimen116
))
(/usr/share/texlive/texmf-dist/tex/latex/amsmath/amsbsy.sty
Package: amsbsy 1999/11/29 v1.2d Bold Symbols
\pmbraise@=\dimen117
)
(/usr/share/texlive/texmf-dist/tex/latex/amsmath/amsopn.sty
Package: amsopn 1999/12/14 v2.01 operator names
)
\inf@bad=\count99
LaTeX Info: Redefining \frac on input line 199.
\uproot@=\count100
\leftroot@=\count101
LaTeX Info: Redefining \overline on input line 297.
\classnum@=\count102
\DOTSCASE@=\count103
LaTeX Info: Redefining \ldots on input line 394.
LaTeX Info: Redefining \dots on input line 397.
LaTeX Info: Redefining \cdots on input line 518.
\Mathstrutbox@=\box28
\strutbox@=\box29
\big@size=\dimen118
LaTeX Font Info:    Redeclaring font encoding OML on input line 630.
LaTeX Font Info:    Redeclaring font encoding OMS on input line 631.
\macc@depth=\count104
\c@MaxMatrixCols=\count105
\dotsspace@=\muskip10
\c@parentequation=\count106
\dspbrk@lvl=\count107
\tag@help=\toks18
\row@=\count108
\column@=\count109
\maxfields@=\count110
\andhelp@=\toks19
\eqnshift@=\dimen119
\alignsep@=\dimen120
\tagshift@=\dimen121
\tagwidth@=\dimen122
\totwidth@=\dimen123
\lineht@=\dimen124
\@envbody=\toks20
\multlinegap=\skip53
\multlinetaggap=\skip54
\mathdisplay@stack=\toks21
LaTeX Info: Redefining \[ on input line 2735.
LaTeX Info: Redefining \] on input line 2736.
)
(/usr/share/texlive/texmf-dist/tex/latex/lipsum/lipsum.sty
Package: lipsum 2014/07/27 v1.3 150 paragraphs of Lorem Ipsum dummy text
\c@lips@count=\count111
)
(/usr/share/texlive/texmf-dist/tex/latex/listings/lstlang1.sty
File: lstlang1.sty 2015/06/04 1.6 listings language file
)
\c@homeworkProblemCounter=\count112
 (./faces.aux)
\openout1 = `faces.aux'.

LaTeX Font Info:    Checking defaults for OML/cmm/m/it on input line 174.
LaTeX Font Info:    ... okay on input line 174.
LaTeX Font Info:    Checking defaults for T1/cmr/m/n on input line 174.
LaTeX Font Info:    ... okay on input line 174.
LaTeX Font Info:    Checking defaults for OT1/cmr/m/n on input line 174.
LaTeX Font Info:    ... okay on input line 174.
LaTeX Font Info:    Checking defaults for OMS/cmsy/m/n on input line 174.
LaTeX Font Info:    ... okay on input line 174.
LaTeX Font Info:    Checking defaults for OMX/cmex/m/n on input line 174.
LaTeX Font Info:    ... okay on input line 174.
LaTeX Font Info:    Checking defaults for U/cmr/m/n on input line 174.
LaTeX Font Info:    ... okay on input line 174.
Package lastpage Info: Please have a look at the pageslts package at
(lastpage)             https://www.ctan.org/pkg/pageslts
(lastpage)             ! on input line 174.

(/usr/share/texlive/texmf-dist/tex/context/base/supp-pdf.mkii
[Loading MPS to PDF converter (version 2006.09.02).]
\scratchcounter=\count113
\scratchdimen=\dimen125
\scratchbox=\box30
\nofMPsegments=\count114
\nofMParguments=\count115
\everyMPshowfont=\toks22
\MPscratchCnt=\count116
\MPscratchDim=\dimen126
\MPnumerator=\count117
\makeMPintoPDFobject=\count118
\everyMPtoPDFconversion=\toks23
) (/usr/share/texlive/texmf-dist/tex/generic/oberdiek/pdftexcmds.sty
Package: pdftexcmds 2011/11/29 v0.20 Utility functions of pdfTeX for LuaTeX (HO
)

(/usr/share/texlive/texmf-dist/tex/generic/oberdiek/ifluatex.sty
Package: ifluatex 2010/03/01 v1.3 Provides the ifluatex switch (HO)
Package ifluatex Info: LuaTeX not detected.
)
(/usr/share/texlive/texmf-dist/tex/generic/oberdiek/ifpdf.sty
Package: ifpdf 2011/01/30 v2.3 Provides the ifpdf switch (HO)
Package ifpdf Info: pdfTeX in PDF mode is detected.
)
Package pdftexcmds Info: LuaTeX not detected.
Package pdftexcmds Info: \pdf@primitive is available.
Package pdftexcmds Info: \pdf@ifprimitive is available.
Package pdftexcmds Info: \pdfdraftmode found.
)
(/usr/share/texlive/texmf-dist/tex/latex/oberdiek/epstopdf-base.sty
Package: epstopdf-base 2010/02/09 v2.5 Base part for package epstopdf

(/usr/share/texlive/texmf-dist/tex/latex/oberdiek/grfext.sty
Package: grfext 2010/08/19 v1.1 Manage graphics extensions (HO)

(/usr/share/texlive/texmf-dist/tex/generic/oberdiek/kvdefinekeys.sty
Package: kvdefinekeys 2011/04/07 v1.3 Define keys (HO)
))
(/usr/share/texlive/texmf-dist/tex/latex/oberdiek/kvoptions.sty
Package: kvoptions 2011/06/30 v3.11 Key value format for package options (HO)

(/usr/share/texlive/texmf-dist/tex/generic/oberdiek/kvsetkeys.sty
Package: kvsetkeys 2012/04/25 v1.16 Key value parser (HO)

(/usr/share/texlive/texmf-dist/tex/generic/oberdiek/etexcmds.sty
Package: etexcmds 2011/02/16 v1.5 Avoid name clashes with e-TeX commands (HO)
Package etexcmds Info: Could not find \expanded.
(etexcmds)             That can mean that you are not using pdfTeX 1.50 or
(etexcmds)             that some package has redefined \expanded.
(etexcmds)             In the latter case, load this package earlier.
)))
Package grfext Info: Graphics extension search list:
(grfext)             [.png,.pdf,.jpg,.mps,.jpeg,.jbig2,.jb2,.PNG,.PDF,.JPG,.JPE
G,.JBIG2,.JB2,.eps]
(grfext)             \AppendGraphicsExtensions on input line 452.

(/usr/share/texlive/texmf-dist/tex/latex/latexconfig/epstopdf-sys.cfg
File: epstopdf-sys.cfg 2010/07/13 v1.3 Configuration of (r)epstopdf for TeX Liv
e
))
Package caption Info: Begin \AtBeginDocument code.
Package caption Info: listings package is loaded.
Package caption Info: End \AtBeginDocument code.
\c@lstlisting=\count119

[1

{/var/lib/texmf/fonts/map/pdftex/updmap/pdftex.map}]
<pics/carell176.jpg, id=12, 274.02374pt x 274.02374pt>
File: pics/carell176.jpg Graphic file (type jpg)

<use pics/carell176.jpg>
Package pdftex.def Info: pics/carell176.jpg used on input line 193.
(pdftex.def)             Requested size: 140.92792pt x 140.92937pt.

<pics/baldwin16.jpg, id=13, 328.22626pt x 328.22626pt>
File: pics/baldwin16.jpg Graphic file (type jpg)

<use pics/baldwin16.jpg>
Package pdftex.def Info: pics/baldwin16.jpg used on input line 194.
(pdftex.def)             Requested size: 140.92792pt x 140.92918pt.
 <pics/carell21.jpg, id=14, 555.07375pt x 555.07375pt>
File: pics/carell21.jpg Graphic file (type jpg)

<use pics/carell21.jpg>
Package pdftex.def Info: pics/carell21.jpg used on input line 195.
(pdftex.def)             Requested size: 140.92792pt x 140.92787pt.
 <pics/harmon133.jpg, id=15, 111.41624pt x 111.41624pt>
File: pics/harmon133.jpg Graphic file (type jpg)

<use pics/harmon133.jpg>
Package pdftex.def Info: pics/harmon133.jpg used on input line 202.
(pdftex.def)             Requested size: 140.92792pt x 140.93942pt.
 <pics/gilpin94.jpg, id=16, 116.435pt x 116.435pt>
File: pics/gilpin94.jpg Graphic file (type jpg)

<use pics/gilpin94.jpg>
Package pdftex.def Info: pics/gilpin94.jpg used on input line 203.
(pdftex.def)             Requested size: 140.92792pt x 140.94185pt.
 <pics/baldwin7.jpg, id=17, 206.7725pt x 206.7725pt>
File: pics/baldwin7.jpg Graphic file (type jpg)

<use pics/baldwin7.jpg>
Package pdftex.def Info: pics/baldwin7.jpg used on input line 204.
(pdftex.def)             Requested size: 140.92792pt x 140.93156pt.


Package Fancyhdr Warning: \headheight is too small (12.0pt): 
 Make it at least 12.67221pt.
 We now make it that large for the rest of the document.
 This may cause the page layout to be inconsistent, however.

[2

 <./pics/carell176.jpg> <./pics/baldwin16.jpg> <./pics/carell21.jpg> <./pics/ha
rmon133.jpg> <./pics/gilpin94.jpg> <./pics/baldwin7.jpg>]
<pics/Steve-Carell-Original.jpg, id=23, 180.675pt x 240.9pt>
File: pics/Steve-Carell-Original.jpg Graphic file (type jpg)

<use pics/Steve-Carell-Original.jpg>
Package pdftex.def Info: pics/Steve-Carell-Original.jpg used on input line 214.

(pdftex.def)             Requested size: 140.92792pt x 187.9049pt.

<pics/Alec-Baldwin-Original.jpg, id=24, 3191.17218pt x 3210.74532pt>
File: pics/Alec-Baldwin-Original.jpg Graphic file (type jpg)

<use pics/Alec-Baldwin-Original.jpg>
Package pdftex.def Info: pics/Alec-Baldwin-Original.jpg used on input line 215.

(pdftex.def)             Requested size: 140.92792pt x 141.78275pt.

<pics/Bracco.jpg, id=25, 301.125pt x 307.1475pt>
File: pics/Bracco.jpg Graphic file (type jpg)
 <use pics/Bracco.jpg>
Package pdftex.def Info: pics/Bracco.jpg used on input line 216.
(pdftex.def)             Requested size: 140.92792pt x 143.75006pt.
LaTeX Font Info:    Try loading font information for OT1+pcr on input line 234.


(/usr/share/texlive/texmf-dist/tex/latex/psnfss/ot1pcr.fd
File: ot1pcr.fd 2001/06/04 font definitions for OT1/pcr.
)
LaTeX Font Info:    Try loading font information for T1+pcr on input line 251.

(/usr/share/texlive/texmf-dist/tex/latex/psnfss/t1pcr.fd
File: t1pcr.fd 2001/06/04 font definitions for T1/pcr.
)
Overfull \hbox (64.85045pt too wide) in paragraph at lines 251--252
[][][][][][][][][][][][][][][][][][][][][][][][][][][][][][][][][][][][][][][][
][][][][][][][][][][][][][][][][][][][][][][][][][][][][][][][][][][][][][][][]
[][][][][][][][][][][][][][][][][][][][][][][][][][] 
 []

[3 <./pics/Steve-Carell-Original.jpg> <./pics/Alec-Baldwin-Original.jpg> <./pic
s/Bracco.jpg>] [4] <pics/cost_preds.png, id=36, 369.38pt x 264.99pt>
File: pics/cost_preds.png Graphic file (type png)

<use pics/cost_preds.png>
Package pdftex.def Info: pics/cost_preds.png used on input line 337.
(pdftex.def)             Requested size: 234.87749pt x 168.49725pt.
 <pics/cost_train.png, id=38, 373.395pt x 264.99pt>
File: pics/cost_train.png Graphic file (type png)

<use pics/cost_train.png>
Package pdftex.def Info: pics/cost_train.png used on input line 338.
(pdftex.def)             Requested size: 234.87749pt x 166.68579pt.


LaTeX Warning: `h' float specifier changed to `ht'.

[5

] <pics/full_zeros.png, id=47, 255.95625pt x 252.945pt>
File: pics/full_zeros.png Graphic file (type png)

<use pics/full_zeros.png>
Package pdftex.def Info: pics/full_zeros.png used on input line 357.
(pdftex.def)             Requested size: 187.89912pt x 185.68655pt.

<pics/full_random.png, id=48, 255.95625pt x 252.945pt>
File: pics/full_random.png Graphic file (type png)

<use pics/full_random.png>
Package pdftex.def Info: pics/full_random.png used on input line 358.
(pdftex.def)             Requested size: 187.89912pt x 185.68655pt.

<pics/two_zeros.png, id=49, 255.95625pt x 252.945pt>
File: pics/two_zeros.png Graphic file (type png)
 <use pics/two_zeros.png>
Package pdftex.def Info: pics/two_zeros.png used on input line 365.
(pdftex.def)             Requested size: 187.89912pt x 185.68655pt.

<pics/two_random.png, id=50, 255.95625pt x 252.945pt>
File: pics/two_random.png Graphic file (type png)

<use pics/two_random.png>
Package pdftex.def Info: pics/two_random.png used on input line 366.
(pdftex.def)             Requested size: 187.89912pt x 185.68655pt.


LaTeX Warning: `h' float specifier changed to `ht'.

<pics/stop_points.png, id=51, 877.2775pt x 280.04625pt>
File: pics/stop_points.png Graphic file (type png)

<use pics/stop_points.png>
Package pdftex.def Info: pics/stop_points.png used on input line 377.
(pdftex.def)             Requested size: 438.63768pt x 140.02277pt.


LaTeX Warning: `h' float specifier changed to `ht'.

[6 <./pics/cost_preds.png> <./pics/cost_train.png> <./pics/full_zeros.png> <./p
ics/full_random.png>] <pics/overfitting.png, id=59, 433.62pt x 289.08pt>
File: pics/overfitting.png Graphic file (type png)

<use pics/overfitting.png>
Package pdftex.def Info: pics/overfitting.png used on input line 397.
(pdftex.def)             Requested size: 346.89647pt x 231.2643pt.


LaTeX Warning: `h' float specifier changed to `ht'.

[7 <./pics/two_zeros.png> <./pics/two_random.png>] [8 <./pics/stop_points.png>]
[9 <./pics/overfitting.png>] [10]
<pics/6_faces.png, id=77, 709.65125pt x 542.025pt>
File: pics/6_faces.png Graphic file (type png)
 <use pics/6_faces.png>
Package pdftex.def Info: pics/6_faces.png used on input line 529.
(pdftex.def)             Requested size: 390.30939pt x 298.11467pt.


AED: lastpage setting LastPage
[11 <./pics/6_faces.png>] (./faces.aux) ) 
Here is how much of TeX's memory you used:
 5567 strings out of 493029
 81940 string characters out of 6136234
 280291 words of memory out of 5000000
 9010 multiletter control sequences out of 15000+600000
 12419 words of font info for 44 fonts, out of 8000000 for 9000
 1141 hyphenation exceptions out of 8191
 42i,13n,43p,1149b,1866s stack positions out of 5000i,500n,10000p,200000b,80000s
{/usr/share/texlive/texmf-dist/fonts/e
nc/dvips/base/8r.enc}</usr/share/texlive/texmf-dist/fonts/type1/public/amsfonts
/cm/cmbx12.pfb></usr/share/texlive/texmf-dist/fonts/type1/public/amsfonts/cm/cm
bx9.pfb></usr/share/texlive/texmf-dist/fonts/type1/public/amsfonts/cm/cmex10.pf
b></usr/share/texlive/texmf-dist/fonts/type1/public/amsfonts/cm/cmmi10.pfb></us
r/share/texlive/texmf-dist/fonts/type1/public/amsfonts/cm/cmmi7.pfb></usr/share
/texlive/texmf-dist/fonts/type1/public/amsfonts/cm/cmr10.pfb></usr/share/texliv
e/texmf-dist/fonts/type1/public/amsfonts/cm/cmr12.pfb></usr/share/texlive/texmf
-dist/fonts/type1/public/amsfonts/cm/cmr17.pfb></usr/share/texlive/texmf-dist/f
onts/type1/public/amsfonts/cm/cmr5.pfb></usr/share/texlive/texmf-dist/fonts/typ
e1/public/amsfonts/cm/cmr7.pfb></usr/share/texlive/texmf-dist/fonts/type1/publi
c/amsfonts/cm/cmr9.pfb></usr/share/texlive/texmf-dist/fonts/type1/public/amsfon
ts/cm/cmsl10.pfb></usr/share/texlive/texmf-dist/fonts/type1/public/amsfonts/cm/
cmsy10.pfb></usr/share/texlive/texmf-dist/fonts/type1/public/amsfonts/cm/cmsy7.
pfb></usr/share/texlive/texmf-dist/fonts/type1/public/amsfonts/cm/cmti10.pfb></
usr/share/texlive/texmf-dist/fonts/type1/urw/courier/ucrr8a.pfb></usr/share/tex
live/texmf-dist/fonts/type1/urw/courier/ucrro8a.pfb>
Output written on faces.pdf (11 pages, 2329413 bytes).
PDF statistics:
 137 PDF objects out of 1000 (max. 8388607)
 79 compressed objects within 1 object stream
 0 named destinations out of 1000 (max. 500000)
 91 words of extra memory for PDF output out of 10000 (max. 10000000)

